<?xml version="1.0" encoding="UTF-8"?>
<testsuite name="com.leaderboard.analytics.AnalyticsApplicationTests" tests="1" skipped="0" failures="0" errors="0" timestamp="2019-03-18T04:20:29" hostname="88e9fe511b8c" time="0.046">
  <properties/>
  <testcase name="contextLoads" classname="com.leaderboard.analytics.AnalyticsApplicationTests" time="0.046"/>
  <system-out><![CDATA[21:20:23.849 [Test worker] DEBUG org.springframework.test.context.junit4.SpringJUnit4ClassRunner - SpringJUnit4ClassRunner constructor called with [class com.leaderboard.analytics.AnalyticsApplicationTests]
21:20:23.854 [Test worker] DEBUG org.springframework.test.context.BootstrapUtils - Instantiating CacheAwareContextLoaderDelegate from class [org.springframework.test.context.cache.DefaultCacheAwareContextLoaderDelegate]
21:20:23.860 [Test worker] DEBUG org.springframework.test.context.BootstrapUtils - Instantiating BootstrapContext using constructor [public org.springframework.test.context.support.DefaultBootstrapContext(java.lang.Class,org.springframework.test.context.CacheAwareContextLoaderDelegate)]
21:20:23.876 [Test worker] DEBUG org.springframework.test.context.BootstrapUtils - Instantiating TestContextBootstrapper for test class [com.leaderboard.analytics.AnalyticsApplicationTests] from class [org.springframework.boot.test.context.SpringBootTestContextBootstrapper]
21:20:23.886 [Test worker] INFO org.springframework.boot.test.context.SpringBootTestContextBootstrapper - Neither @ContextConfiguration nor @ContextHierarchy found for test class [com.leaderboard.analytics.AnalyticsApplicationTests], using SpringBootContextLoader
21:20:23.888 [Test worker] DEBUG org.springframework.test.context.support.AbstractContextLoader - Did not detect default resource location for test class [com.leaderboard.analytics.AnalyticsApplicationTests]: class path resource [com/leaderboard/analytics/AnalyticsApplicationTests-context.xml] does not exist
21:20:23.889 [Test worker] DEBUG org.springframework.test.context.support.AbstractContextLoader - Did not detect default resource location for test class [com.leaderboard.analytics.AnalyticsApplicationTests]: class path resource [com/leaderboard/analytics/AnalyticsApplicationTestsContext.groovy] does not exist
21:20:23.889 [Test worker] INFO org.springframework.test.context.support.AbstractContextLoader - Could not detect default resource locations for test class [com.leaderboard.analytics.AnalyticsApplicationTests]: no resource found for suffixes {-context.xml, Context.groovy}.
21:20:23.889 [Test worker] INFO org.springframework.test.context.support.AnnotationConfigContextLoaderUtils - Could not detect default configuration classes for test class [com.leaderboard.analytics.AnalyticsApplicationTests]: AnalyticsApplicationTests does not declare any static, non-private, non-final, nested classes annotated with @Configuration.
21:20:23.925 [Test worker] DEBUG org.springframework.test.context.support.ActiveProfilesUtils - Could not find an 'annotation declaring class' for annotation type [org.springframework.test.context.ActiveProfiles] and class [com.leaderboard.analytics.AnalyticsApplicationTests]
21:20:23.996 [Test worker] DEBUG org.springframework.context.annotation.ClassPathScanningCandidateComponentProvider - Identified candidate component class: file [/Users/z001hmr/Documents/Challenge/analytics/build/classes/java/main/com/leaderboard/analytics/AnalyticsApplication.class]
21:20:23.998 [Test worker] INFO org.springframework.boot.test.context.SpringBootTestContextBootstrapper - Found @SpringBootConfiguration com.leaderboard.analytics.AnalyticsApplication for test class com.leaderboard.analytics.AnalyticsApplicationTests
21:20:24.098 [Test worker] DEBUG org.springframework.boot.test.context.SpringBootTestContextBootstrapper - @TestExecutionListeners is not present for class [com.leaderboard.analytics.AnalyticsApplicationTests]: using defaults.
21:20:24.099 [Test worker] INFO org.springframework.boot.test.context.SpringBootTestContextBootstrapper - Loaded default TestExecutionListener class names from location [META-INF/spring.factories]: [org.springframework.boot.test.autoconfigure.restdocs.RestDocsTestExecutionListener, org.springframework.boot.test.autoconfigure.web.client.MockRestServiceServerResetTestExecutionListener, org.springframework.boot.test.autoconfigure.web.servlet.MockMvcPrintOnlyOnFailureTestExecutionListener, org.springframework.boot.test.autoconfigure.web.servlet.WebDriverTestExecutionListener, org.springframework.boot.test.mock.mockito.MockitoTestExecutionListener, org.springframework.boot.test.mock.mockito.ResetMocksTestExecutionListener, org.springframework.test.context.web.ServletTestExecutionListener, org.springframework.test.context.support.DirtiesContextBeforeModesTestExecutionListener, org.springframework.test.context.support.DependencyInjectionTestExecutionListener, org.springframework.test.context.support.DirtiesContextTestExecutionListener, org.springframework.test.context.transaction.TransactionalTestExecutionListener, org.springframework.test.context.jdbc.SqlScriptsTestExecutionListener]
21:20:24.117 [Test worker] INFO org.springframework.boot.test.context.SpringBootTestContextBootstrapper - Using TestExecutionListeners: [org.springframework.test.context.web.ServletTestExecutionListener@1c3336b8, org.springframework.test.context.support.DirtiesContextBeforeModesTestExecutionListener@ac8d0be, org.springframework.boot.test.mock.mockito.MockitoTestExecutionListener@3db848ab, org.springframework.boot.test.autoconfigure.SpringBootDependencyInjectionTestExecutionListener@595dc2fb, org.springframework.test.context.support.DirtiesContextTestExecutionListener@5cdea99e, org.springframework.test.context.transaction.TransactionalTestExecutionListener@105fdf9b, org.springframework.test.context.jdbc.SqlScriptsTestExecutionListener@6fdd302b, org.springframework.boot.test.autoconfigure.restdocs.RestDocsTestExecutionListener@58a06d31, org.springframework.boot.test.autoconfigure.web.client.MockRestServiceServerResetTestExecutionListener@711bade2, org.springframework.boot.test.autoconfigure.web.servlet.MockMvcPrintOnlyOnFailureTestExecutionListener@1f56075d, org.springframework.boot.test.autoconfigure.web.servlet.WebDriverTestExecutionListener@198c20f4, org.springframework.boot.test.mock.mockito.ResetMocksTestExecutionListener@421e0f11]
21:20:24.119 [Test worker] DEBUG org.springframework.test.annotation.ProfileValueUtils - Retrieved @ProfileValueSourceConfiguration [null] for test class [com.leaderboard.analytics.AnalyticsApplicationTests]
21:20:24.130 [Test worker] DEBUG org.springframework.test.annotation.ProfileValueUtils - Retrieved ProfileValueSource type [class org.springframework.test.annotation.SystemProfileValueSource] for class [com.leaderboard.analytics.AnalyticsApplicationTests]
21:20:24.131 [Test worker] DEBUG org.springframework.test.annotation.ProfileValueUtils - Retrieved @ProfileValueSourceConfiguration [null] for test class [com.leaderboard.analytics.AnalyticsApplicationTests]
21:20:24.131 [Test worker] DEBUG org.springframework.test.annotation.ProfileValueUtils - Retrieved ProfileValueSource type [class org.springframework.test.annotation.SystemProfileValueSource] for class [com.leaderboard.analytics.AnalyticsApplicationTests]
21:20:24.136 [Test worker] DEBUG org.springframework.test.context.support.AbstractDirtiesContextTestExecutionListener - Before test class: context [DefaultTestContext@2deb45e4 testClass = AnalyticsApplicationTests, testInstance = [null], testMethod = [null], testException = [null], mergedContextConfiguration = [WebMergedContextConfiguration@557c3c0a testClass = AnalyticsApplicationTests, locations = '{}', classes = '{class com.leaderboard.analytics.AnalyticsApplication}', contextInitializerClasses = '[]', activeProfiles = '{}', propertySourceLocations = '{}', propertySourceProperties = '{org.springframework.boot.test.context.SpringBootTestContextBootstrapper=true}', contextCustomizers = set[org.springframework.boot.test.autoconfigure.properties.PropertyMappingContextCustomizer@0, org.springframework.boot.test.autoconfigure.web.servlet.WebDriverContextCustomizerFactory$Customizer@60bd2758, org.springframework.boot.test.context.filter.ExcludeFilterContextCustomizer@1d83ab67, org.springframework.boot.test.json.DuplicateJsonObjectContextCustomizerFactory$DuplicateJsonObjectContextCustomizer@4b55fc8e, org.springframework.boot.test.mock.mockito.MockitoContextCustomizer@0, org.springframework.boot.test.web.client.TestRestTemplateContextCustomizer@37bebfda], resourceBasePath = 'src/main/webapp', contextLoader = 'org.springframework.boot.test.context.SpringBootContextLoader', parent = [null]], attributes = map['org.springframework.test.context.web.ServletTestExecutionListener.activateListener' -> true]], class annotated with @DirtiesContext [false] with mode [null].
21:20:24.137 [Test worker] DEBUG org.springframework.test.annotation.ProfileValueUtils - Retrieved @ProfileValueSourceConfiguration [null] for test class [com.leaderboard.analytics.AnalyticsApplicationTests]
21:20:24.137 [Test worker] DEBUG org.springframework.test.annotation.ProfileValueUtils - Retrieved ProfileValueSource type [class org.springframework.test.annotation.SystemProfileValueSource] for class [com.leaderboard.analytics.AnalyticsApplicationTests]
21:20:24.154 [Test worker] DEBUG org.springframework.test.context.support.TestPropertySourceUtils - Adding inlined properties to environment: {spring.jmx.enabled=false, org.springframework.boot.test.context.SpringBootTestContextBootstrapper=true, server.port=-1}

  .   ____          _            __ _ _
 /\\ / ___'_ __ _ _(_)_ __  __ _ \ \ \ \
( ( )\___ | '_ | '_| | '_ \/ _` | \ \ \ \
 \\/  ___)| |_)| | | | | || (_| |  ) ) ) )
  '  |____| .__|_| |_|_| |_\__, | / / / /
 =========|_|==============|___/=/_/_/_/
 :: Spring Boot ::        (v2.1.3.RELEASE)

2019-03-17 21:20:24.522  INFO 47616 --- [    Test worker] c.l.analytics.AnalyticsApplicationTests  : Starting AnalyticsApplicationTests on 88e9fe511b8c with PID 47616 (started by z001hmr in /Users/z001hmr/Documents/Challenge/analytics)
2019-03-17 21:20:24.524  INFO 47616 --- [    Test worker] c.l.analytics.AnalyticsApplicationTests  : No active profile set, falling back to default profiles: default
2019-03-17 21:20:25.402  INFO 47616 --- [    Test worker] .s.d.r.c.RepositoryConfigurationDelegate : Bootstrapping Spring Data repositories in DEFAULT mode.
2019-03-17 21:20:25.472  INFO 47616 --- [    Test worker] .s.d.r.c.RepositoryConfigurationDelegate : Finished Spring Data repository scanning in 63ms. Found 1 repository interfaces.
2019-03-17 21:20:26.004  INFO 47616 --- [    Test worker] trationDelegate$BeanPostProcessorChecker : Bean 'org.springframework.transaction.annotation.ProxyTransactionManagementConfiguration' of type [org.springframework.transaction.annotation.ProxyTransactionManagementConfiguration$$EnhancerBySpringCGLIB$$2239edad] is not eligible for getting processed by all BeanPostProcessors (for example: not eligible for auto-proxying)
2019-03-17 21:20:26.306  INFO 47616 --- [    Test worker] com.zaxxer.hikari.HikariDataSource       : HikariPool-1 - Starting...
2019-03-17 21:20:26.492  INFO 47616 --- [    Test worker] com.zaxxer.hikari.HikariDataSource       : HikariPool-1 - Start completed.
2019-03-17 21:20:26.557  INFO 47616 --- [    Test worker] o.hibernate.jpa.internal.util.LogHelper  : HHH000204: Processing PersistenceUnitInfo [
	name: default
	...]
2019-03-17 21:20:26.619  INFO 47616 --- [    Test worker] org.hibernate.Version                    : HHH000412: Hibernate Core {5.3.7.Final}
2019-03-17 21:20:26.620  INFO 47616 --- [    Test worker] org.hibernate.cfg.Environment            : HHH000206: hibernate.properties not found
2019-03-17 21:20:26.757  INFO 47616 --- [    Test worker] o.hibernate.annotations.common.Version   : HCANN000001: Hibernate Commons Annotations {5.0.4.Final}
2019-03-17 21:20:26.894  INFO 47616 --- [    Test worker] org.hibernate.dialect.Dialect            : HHH000400: Using dialect: org.hibernate.dialect.H2Dialect
2019-03-17 21:20:27.218  INFO 47616 --- [    Test worker] org.hibernate.tuple.PojoInstantiator     : HHH000182: No default (no-argument) constructor for class: com.leaderboard.analytics.domain.Metric (class must be instantiated by Interceptor)
2019-03-17 21:20:27.503  INFO 47616 --- [    Test worker] j.LocalContainerEntityManagerFactoryBean : Initialized JPA EntityManagerFactory for persistence unit 'default'
2019-03-17 21:20:28.640  INFO 47616 --- [    Test worker] o.s.s.concurrent.ThreadPoolTaskExecutor  : Initializing ExecutorService 'applicationTaskExecutor'
2019-03-17 21:20:28.695  WARN 47616 --- [    Test worker] aWebConfiguration$JpaWebMvcConfiguration : spring.jpa.open-in-view is enabled by default. Therefore, database queries may be performed during view rendering. Explicitly configure spring.jpa.open-in-view to disable this warning
2019-03-17 21:20:29.632  INFO 47616 --- [    Test worker] o.s.b.a.e.web.EndpointLinksResolver      : Exposing 2 endpoint(s) beneath base path '/actuator'
2019-03-17 21:20:29.695  INFO 47616 --- [    Test worker] c.l.analytics.AnalyticsApplicationTests  : Started AnalyticsApplicationTests in 5.533 seconds (JVM running for 6.392)
]]></system-out>
  <system-err><![CDATA[]]></system-err>
</testsuite>
